2019-08-12 17:37:39.642 [main] INFO  com.websocket.WebsocketApplication - Starting WebsocketApplication on DESKTOP-J9068CD with PID 13196 (D:\code\websocket\target\classes started by Admin in D:\code\websocket)
2019-08-12 17:37:39.644 [main] INFO  com.websocket.WebsocketApplication - No active profile set, falling back to default profiles: default
2019-08-12 17:37:40.197 [main] INFO  o.s.d.r.config.RepositoryConfigurationDelegate - Multiple Spring Data modules found, entering strict repository configuration mode!
2019-08-12 17:37:40.200 [main] INFO  o.s.d.r.config.RepositoryConfigurationDelegate - Bootstrapping Spring Data repositories in DEFAULT mode.
2019-08-12 17:37:40.227 [main] INFO  o.s.d.r.config.RepositoryConfigurationDelegate - Finished Spring Data repository scanning in 15ms. Found 0 repository interfaces.
2019-08-12 17:37:40.789 [main] INFO  o.s.boot.web.embedded.tomcat.TomcatWebServer - Tomcat initialized with port(s): 8001 (http)
2019-08-12 17:37:40.802 [main] INFO  org.apache.coyote.http11.Http11NioProtocol - Initializing ProtocolHandler ["http-nio-8001"]
2019-08-12 17:37:40.811 [main] INFO  org.apache.catalina.core.StandardService - Starting service [Tomcat]
2019-08-12 17:37:40.811 [main] INFO  org.apache.catalina.core.StandardEngine - Starting Servlet engine: [Apache Tomcat/9.0.22]
2019-08-12 17:37:40.953 [main] INFO  o.a.c.core.ContainerBase.[Tomcat].[localhost].[/] - Initializing Spring embedded WebApplicationContext
2019-08-12 17:37:40.954 [main] INFO  org.springframework.web.context.ContextLoader - Root WebApplicationContext: initialization completed in 1267 ms
2019-08-12 17:37:41.280 [main] INFO  o.s.scheduling.concurrent.ThreadPoolTaskExecutor - Initializing ExecutorService 'applicationTaskExecutor'
2019-08-12 17:37:41.335 [main] INFO  o.s.b.a.web.servlet.WelcomePageHandlerMapping - Adding welcome page template: index
2019-08-12 17:37:41.686 [main] INFO  org.apache.coyote.http11.Http11NioProtocol - Starting ProtocolHandler ["http-nio-8001"]
2019-08-12 17:37:41.707 [main] INFO  o.s.boot.web.embedded.tomcat.TomcatWebServer - Tomcat started on port(s): 8001 (http) with context path ''
2019-08-12 17:37:41.709 [main] INFO  com.websocket.WebsocketApplication - Started WebsocketApplication in 2.403 seconds (JVM running for 2.984)
2019-08-12 17:37:54.670 [http-nio-8001-exec-1] INFO  o.a.c.core.ContainerBase.[Tomcat].[localhost].[/] - Initializing Spring DispatcherServlet 'dispatcherServlet'
2019-08-12 17:37:54.671 [http-nio-8001-exec-1] INFO  org.springframework.web.servlet.DispatcherServlet - Initializing Servlet 'dispatcherServlet'
2019-08-12 17:37:54.677 [http-nio-8001-exec-1] INFO  org.springframework.web.servlet.DispatcherServlet - Completed initialization in 6 ms
2019-08-12 17:37:54.941 [http-nio-8001-exec-5] INFO  com.websocket.server.WebSocketServer - 有新连接加入！当前在线人数为1
2019-08-12 17:38:06.405 [http-nio-8001-exec-4] INFO  com.websocket.server.WebSocketServer - 来自客户端的消息:123
2019-08-12 17:46:15.421 [main] INFO  com.websocket.WebsocketApplication - Starting WebsocketApplication on DESKTOP-J9068CD with PID 8576 (D:\code\websocket\target\classes started by Admin in D:\code\websocket)
2019-08-12 17:46:15.425 [main] INFO  com.websocket.WebsocketApplication - No active profile set, falling back to default profiles: default
2019-08-12 17:46:15.965 [main] INFO  o.s.d.r.config.RepositoryConfigurationDelegate - Multiple Spring Data modules found, entering strict repository configuration mode!
2019-08-12 17:46:15.968 [main] INFO  o.s.d.r.config.RepositoryConfigurationDelegate - Bootstrapping Spring Data repositories in DEFAULT mode.
2019-08-12 17:46:15.992 [main] INFO  o.s.d.r.config.RepositoryConfigurationDelegate - Finished Spring Data repository scanning in 13ms. Found 0 repository interfaces.
2019-08-12 17:46:16.535 [main] INFO  o.s.boot.web.embedded.tomcat.TomcatWebServer - Tomcat initialized with port(s): 8001 (http)
2019-08-12 17:46:16.551 [main] INFO  org.apache.coyote.http11.Http11NioProtocol - Initializing ProtocolHandler ["http-nio-8001"]
2019-08-12 17:46:16.559 [main] INFO  org.apache.catalina.core.StandardService - Starting service [Tomcat]
2019-08-12 17:46:16.559 [main] INFO  org.apache.catalina.core.StandardEngine - Starting Servlet engine: [Apache Tomcat/9.0.22]
2019-08-12 17:46:16.700 [main] INFO  o.a.c.core.ContainerBase.[Tomcat].[localhost].[/] - Initializing Spring embedded WebApplicationContext
2019-08-12 17:46:16.700 [main] INFO  org.springframework.web.context.ContextLoader - Root WebApplicationContext: initialization completed in 1233 ms
2019-08-12 17:46:17.040 [main] INFO  o.s.scheduling.concurrent.ThreadPoolTaskExecutor - Initializing ExecutorService 'applicationTaskExecutor'
2019-08-12 17:46:17.098 [main] INFO  o.s.b.a.web.servlet.WelcomePageHandlerMapping - Adding welcome page template: index
2019-08-12 17:46:17.450 [main] INFO  org.apache.coyote.http11.Http11NioProtocol - Starting ProtocolHandler ["http-nio-8001"]
2019-08-12 17:46:17.469 [main] INFO  o.s.boot.web.embedded.tomcat.TomcatWebServer - Tomcat started on port(s): 8001 (http) with context path ''
2019-08-12 17:46:17.471 [main] INFO  com.websocket.WebsocketApplication - Started WebsocketApplication in 2.397 seconds (JVM running for 2.986)
2019-08-12 17:46:23.681 [http-nio-8001-exec-1] INFO  o.a.c.core.ContainerBase.[Tomcat].[localhost].[/] - Initializing Spring DispatcherServlet 'dispatcherServlet'
2019-08-12 17:46:23.682 [http-nio-8001-exec-1] INFO  org.springframework.web.servlet.DispatcherServlet - Initializing Servlet 'dispatcherServlet'
2019-08-12 17:46:23.688 [http-nio-8001-exec-1] INFO  org.springframework.web.servlet.DispatcherServlet - Completed initialization in 6 ms
2019-08-12 17:46:23.951 [http-nio-8001-exec-3] INFO  com.websocket.server.WebSocketServer - 有新连接加入！当前在线人数为1
2019-08-12 17:46:43.186 [main] INFO  com.websocket.WebsocketApplication - Starting WebsocketApplication on DESKTOP-J9068CD with PID 756 (D:\code\websocket\target\classes started by Admin in D:\code\websocket)
2019-08-12 17:46:43.189 [main] INFO  com.websocket.WebsocketApplication - No active profile set, falling back to default profiles: default
2019-08-12 17:46:43.742 [main] INFO  o.s.d.r.config.RepositoryConfigurationDelegate - Multiple Spring Data modules found, entering strict repository configuration mode!
2019-08-12 17:46:43.744 [main] INFO  o.s.d.r.config.RepositoryConfigurationDelegate - Bootstrapping Spring Data repositories in DEFAULT mode.
2019-08-12 17:46:43.766 [main] INFO  o.s.d.r.config.RepositoryConfigurationDelegate - Finished Spring Data repository scanning in 12ms. Found 0 repository interfaces.
2019-08-12 17:46:44.302 [main] INFO  o.s.boot.web.embedded.tomcat.TomcatWebServer - Tomcat initialized with port(s): 8001 (http)
2019-08-12 17:46:44.316 [main] INFO  org.apache.coyote.http11.Http11NioProtocol - Initializing ProtocolHandler ["http-nio-8001"]
2019-08-12 17:46:44.324 [main] INFO  org.apache.catalina.core.StandardService - Starting service [Tomcat]
2019-08-12 17:46:44.324 [main] INFO  org.apache.catalina.core.StandardEngine - Starting Servlet engine: [Apache Tomcat/9.0.22]
2019-08-12 17:46:44.471 [main] INFO  o.a.c.core.ContainerBase.[Tomcat].[localhost].[/] - Initializing Spring embedded WebApplicationContext
2019-08-12 17:46:44.471 [main] INFO  org.springframework.web.context.ContextLoader - Root WebApplicationContext: initialization completed in 1237 ms
2019-08-12 17:46:44.797 [main] INFO  o.s.scheduling.concurrent.ThreadPoolTaskExecutor - Initializing ExecutorService 'applicationTaskExecutor'
2019-08-12 17:46:44.851 [main] INFO  o.s.b.a.web.servlet.WelcomePageHandlerMapping - Adding welcome page template: index
2019-08-12 17:46:45.210 [main] INFO  org.apache.coyote.http11.Http11NioProtocol - Starting ProtocolHandler ["http-nio-8001"]
2019-08-12 17:46:45.232 [main] INFO  o.s.boot.web.embedded.tomcat.TomcatWebServer - Tomcat started on port(s): 8001 (http) with context path ''
2019-08-12 17:46:45.235 [main] INFO  com.websocket.WebsocketApplication - Started WebsocketApplication in 2.433 seconds (JVM running for 3.075)
2019-08-12 17:47:09.470 [http-nio-8001-exec-1] INFO  o.a.c.core.ContainerBase.[Tomcat].[localhost].[/] - Initializing Spring DispatcherServlet 'dispatcherServlet'
2019-08-12 17:47:09.470 [http-nio-8001-exec-1] INFO  org.springframework.web.servlet.DispatcherServlet - Initializing Servlet 'dispatcherServlet'
2019-08-12 17:47:09.476 [http-nio-8001-exec-1] INFO  org.springframework.web.servlet.DispatcherServlet - Completed initialization in 6 ms
2019-08-12 17:47:09.704 [http-nio-8001-exec-2] INFO  com.websocket.server.WebSocketServer - 有新连接加入！当前在线人数为1
